[debug] ----------------------------------------------------------------------
[debug] Command:      C:\Program Files\nodejs\node.exe C:\Users\musha_000\AppData\Roaming\npm\node_modules\firebase-tools\bin\firebase deploy
[debug] CLI Version:  3.0.0
[debug] Platform:     win32
[debug] Node Version: v5.10.1
[debug] Time:         Fri Jun 24 2016 15:14:34 GMT+0500 (Pakistan Standard Time)
[debug] ----------------------------------------------------------------------
[debug] 
[debug] > command requires scopes: ["email","openid","https://www.googleapis.com/auth/cloudplatformprojects.readonly","https://www.googleapis.com/auth/firebase"]
[debug] >>> HTTP REQUEST GET https://admin.firebase.com/v1/projects/portfolio-d37b8 
[debug] Error: getaddrinfo EAI_AGAIN admin.firebase.com:443
    at Object.exports._errnoException (util.js:890:11)
    at errnoException (dns.js:31:15)
    at GetAddrInfoReqWrap.onlookup [as oncomplete] (dns.js:77:26)
[error] 
[error] Error: Server Error. Please try again in a few minutes.
[debug] Error Context: {
  "requestOptions": {
    "method": "GET",
    "json": true,
    "url": "https://admin.firebase.com/v1/projects/portfolio-d37b8",
    "headers": {
      "authorization": "Bearer ya29.CjMLA6l-CQWCXZOKDaSrGnl6q71pdIDwqsGGey7mGJD9H3wcGfDiqp2juPowNq6N8EbJBlI"
    }
  }
}
